[05:07:54] [main/INFO]: Loading Minecraft 1.18.1 with Fabric Loader 0.12.12
[05:07:54] [ForkJoinPool-1-worker-8/WARN]: The mod "libcd" contains invalid entries in its mod json:
- Unsupported root entry "licence" at line 9 column 12
[05:07:54] [main/INFO]: Dependencies overridden for crusade, kubejs, disenchanter, ezpas, incantationem, quarryplus, trinkets, fuelinfo, bettersleeping, morevillagers-fabric, lambdabettergrass, mcdar, fabric-dimensions-v1, kibe, rad, betternether, apoli, megane, torohealth, adventurez, agape_space, villager-hats, resourceful_tools, jump, bewitchment, iris, sandwichmod, kambrik, veggie_way, clickadv, pickupnotifier, playerabilitylib, dynview, mo_glass, terrarianslimes, chat_heads, ninjaphenix_container_lib, fabric-diagonal-panes, minieffects, silkspawners, balm-fabric, kjsextras, dawn, advancementplaques, tinyskeletons, cleancut, bcc, bitsandchisels, repurposed_structures, modmenu, magiccombatwands, no-telemetry, ironfurnaces, quartzelv, hookshot, botania, origins, disable_custom_worlds_advice, morerespawnanchors, mocolors, megane-runtime, dripstone_fluid_lib, libblockattributes_fluids, marketcrates, adorn, morebannerfeatures, cloth-config, conjuring, krypton, customwindowtitle, aqupdgrizzly, someforgepatchesported, detailab, geckolib3, veinmining, multipart_entities, cleardespawn, waterdripsound, clienttweaks, notes, mambience, dusk, wi_zoom, enhanced_attack_indicator, placeholder-api, onsoulfire, ae2, maelstrom_library, graveyard, lithium, goblintraders, harvest_scythes, things, simple_shelves, libblockattributes, mcdw, fallingleaves, milk_plus, awesomedungeon, additionalbars, mcda, seasons, farmingforblockheads, go-fish, reach-entity-attributes, starlight, simplemeasuring, deathlog, carpet, chalk, cosmetic-armor, libblockattributes_core, drippyloadingscreen, polymer, horsestatsvanilla, ruined_equipment, jankson, bakingmod, animal_feeding_trough, origins-classes, fabric-renderer-indigo, goosik-config, teenycoal, invview, bsvsb, forgeconfigapiport, calio, paintings, libgui, xaerominimap, croptopia, fabric-rendering-v0, stonecutter_recipe_tags, fabricenchantments, omega-config, givemehats, mtmechs, continuity, inmis, torchbowmod, lifts, can-i-mine-this-block, visuality, puzzleslib, extragenerators, dragonloot, horseinfo, team_reborn_energy, mythicmetals, notenoughcrashes, autorun, no_null_processors, preciseblockplacing, universal-graves, enchantment_lore, satin, pugh_lib, architects_palette, guardiansgalore, server_translations_api, mcf-reap, glassential, rpgstats, villagernames, eldritch_mobs, xaeroworldmap, lambdynlights, wmitaf, compress, mining_dims, twigs, buildinggadgets, consistency_plus, cardinal-components-level, lumiwool, miningutility, fabric-blockrenderlayer-v1, simple_backpack, libblockattributes_items, aqupdcaracal, carpet-extra, fabric, respawnablepets, bclib, dummmmmmy, pride, cosmetica, slimyfloor, konkrete, experiencebugfix, equipmentcompare, fireworkfrenzy, catwalksinc, pugh_tools, farmersdelight, justenoughkeys, packet_tweaker, fireplacelib, mythic-mounts, skinlayers, greater_eye, tolaserblade, elementalcreepers, extraorigins, culinaire, enchant_giver, blockus, capybara, fabric-events-interaction-v0, whereisit, bountiful, patchouli, thonkutil, betterthirdperson, gobber2, malilib, expandedstorage, redstonebits, cardinal-components-entity, inventoryprofilesnext, architectury, authme, cardinal-components-base, campchair, earthtojavamobs, fabric-item-groups-v0, mavm, chas, fabric-renderer-api-v1, seedfix, craftpresence, creativeonepunch, rhino, salem, cardinal-components-block, ae2wtlib, doom, owo, trashslot, wfw, soaringstructures2, impersonate, alloy_forgery, hammermod, zihlaunchpads, waystones, clumps, exlineawnings, companion_bats, itemborders, cardinal-components-item, entitybanners, unforgivingvoid, lazydfu, modern_industrialization, chesttracker, lovely_snails, bosses_of_mass_destruction, terralith, coat, fabric-renderer-registries-v1, beehivetooltips, cspirit, annotateddi, arcanus, friendsandfoes, craftingtweaks, lank, enchdesc, additionaladditions, static-content, ward_blocks, fluidtank, roughlyenoughitems, voidz, hologram-api, iceberg, legendarytooltips, sgui, spruceui, carpet-tis-addition, cardinal-components-world, fancymenu, indium, fabric-biome-api-v1, ferritecore, chisel, itemscroller, heartbond, betterf3, carrier, dark-enchanting, exlinefurniture
[05:07:54] [main/WARN]: Warnings were found!
 - Mod 'Deepslate Cutting' (deepslatecutting) 1.3.0 recommends any version of modmenu, which is disabled for this environment (client/server only)!
	 - You should install any version of modmenu for the optimal experience.
 - Mod 'Fabric Rendering Fluids (v1)' (fabric-rendering-fluids-v1) 0.1.18+3ac43d9565 recommends any version of fabric-textures-v0, which is disabled for this environment (client/server only)!
	 - You should install any version of fabric-textures-v0 for the optimal experience.
[05:07:54] [main/INFO]: Loading 270 mods:
	- additionaladditions 3.0.1
	- additionalbars 2.2.1
	- adorn 3.1.0+1.18.1
	- advanced_runtime_resource_pack 0.2.9 via carrier
	- adventurez 1.4.6
	- ae2 10.0.0-beta.4
	- amplified_nether 1.0.1
	- animal_feeding_trough 1.0.3+1.18.1
	- aqupdcaracal 1.18-1.3.5.1
	- aqupdgrizzly 1.18-1.2.1
	- arcanus 1.25
	- architects_palette 1.3
	- architectury 3.4.9
	- attributefix 13.0.3
	- backslot 1.2.3
	- backslotaddon 1.0.7
	- balm-fabric 2.4.0+0
	- basicshields 1.1.1-1.18.1
	- bcc fabric-1.0.4
	- bclib 1.2.1
	- betteranimalsplus 1.18.1-11.0.3
	- betterend 1.0.0
	- betternether 6.0.8
	- blockus 2.3.4+1.18.1
	- blue_endless_jankson 1.2.1 via jankson
	- bosses_of_mass_destruction 1.3.3-1.18
	- bountiful 2.0.1
	- campchair 1.0.0
	- capybara 1.0.0
	- cardinal-components-base 4.0.1 via polymorph
	- cardinal-components-block 4.0.1 via polymorph
	- cardinal-components-entity 4.0.1 via polymorph
	- cardinal-components-item 4.0.1 via polymorph
	- cardinal-components-world 4.0.0 via bosses_of_mass_destruction
	- carrier 1.9.0
	- chunky 1.2.164
	- cloth-basic-math 0.6.0 via cloth-config
	- cloth-config 6.1.48
	- clumps 8.0.4
	- com_electronwill_night-config_core 3.6.3 via forgeconfigapiport
	- com_electronwill_night-config_toml 3.6.3 via forgeconfigapiport
	- com_eliotlash_mclib_mclib 18 via geckolib3
	- com_eliotlash_molang_molang 18 via geckolib3
	- com_moandjiezana_toml_toml4j 0.7.2 via deepslatecutting
	- com_typesafe_config 1.4.1 via confabricate
	- com_velocitypowered_velocity-native 1.1.0-SNAPSHOT via krypton
	- comforts 1.0.0-1.18
	- companion 1.1.0
	- confabricate 2.2.0-SNAPSHOT+4.1.1 via croptopia
	- consistency_plus 0.4.3+1.18
	- crawl 0.10.0
	- croptopia 1.8.0
	- customstars 0.7+1.18
	- dark-enchanting 0.6.3+1.18
	- darkpaintings 9.0.2
	- dawn 3.2.0
	- deathlog 0.2.4+1.18
	- deepslatecutting 1.3.0
	- direbats 2.0.1
	- dragonloot 1.0.9
	- dripstone_fluid_lib 1.1.1 via milk_plus
	- dungeons_arise 2.1.49c-fabric
	- dusk 1.18-1.7
	- dynview 1.18-1.5
	- earthtojavamobs 1.7.4+1.18
	- easymagic 3.2.1
	- elytratrinket 3.0.0-1.18.1
	- endgoblintraders 1.4.2
	- enhancedcelestials 2.0.6
	- experiencebugfix 18
	- fabric 0.45.0+1.18
	- fabric-api-base 0.4.1+b4f4f6cd65 via fabric
	- fabric-api-lookup-api-v1 1.5.0+17be577f65 via fabric
	- fabric-biome-api-v1 6.0.1+ded849a965 via fabric
	- fabric-command-api-v1 1.1.6+3ac43d9565 via fabric
	- fabric-commands-v0 0.2.5+b4f4f6cd65 via fabric
	- fabric-containers-v0 0.1.18+d154e2c665 via fabric
	- fabric-content-registries-v0 0.4.5+6f53a73d65 via fabric
	- fabric-crash-report-info-v1 0.1.8+3ac43d9565 via fabric
	- fabric-dimensions-v1 2.1.7+43d2957165 via fabric
	- fabric-entity-events-v1 1.4.5+6b21378a65 via fabric
	- fabric-events-interaction-v0 0.4.16+bfa23f1765 via fabric
	- fabric-events-lifecycle-v0 0.2.6+b4f4f6cd65 via fabric
	- fabric-game-rule-api-v1 1.0.10+3ac43d9565 via fabric
	- fabric-item-api-v1 1.3.0+691a79b565 via fabric
	- fabric-item-groups-v0 0.3.3+3ac43d9565 via fabric
	- fabric-language-kotlin 1.7.1+kotlin.1.6.10
	- fabric-lifecycle-events-v1 1.4.10+c15ca33565 via fabric
	- fabric-loot-tables-v1 1.0.8+3ac43d9565 via fabric
	- fabric-mining-level-api-v1 1.0.3+3ac43d9565 via fabric
	- fabric-mining-levels-v0 0.1.7+b4f4f6cd65 via fabric
	- fabric-networking-api-v1 1.0.18+3ac43d9565 via fabric
	- fabric-networking-v0 0.3.5+b4f4f6cd65 via fabric
	- fabric-object-builder-api-v1 1.11.0+3b82842e65 via fabric
	- fabric-object-builders-v0 0.7.8+3ac43d9565 via fabric
	- fabric-particles-v1 0.2.9+526dc1ac65 via fabric
	- fabric-permissions-api-v0 0.1-SNAPSHOT via spark
	- fabric-registry-sync-v0 0.8.6+533be9ba65 via fabric
	- fabric-rendering-data-attachment-v1 0.3.4+7242e9d765 via fabric
	- fabric-rendering-fluids-v1 0.1.18+3ac43d9565 via fabric
	- fabric-resource-loader-v0 0.4.11+3ac43d9565 via fabric
	- fabric-screen-handler-api-v1 1.1.11+3ac43d9565 via fabric
	- fabric-structure-api-v1 2.0.8+295197a765 via fabric
	- fabric-tag-extensions-v0 1.2.5+3ac43d9565 via fabric
	- fabric-tool-attribute-api-v1 1.3.4+7de09f5565 via fabric
	- fabric-transfer-api-v1 1.5.6+b4f4f6cd65 via fabric
	- fabricloader 0.12.12
	- fabricshieldlib 1.4.5-1.18
	- fake-player-api 0.3.0 via the_bumblezone
	- fallingtree 2.16.1
	- farmersdelight 1.18.1-0.2.0
	- farsight 1.18-1.5
	- fastfurnace 1.18-4
	- feature_nbt_deadlock_be_gone $version
	- ferritecore 4.0.0
	- fiber 0.23.0-2 via patchouli
	- fireworkfrenzy 1.7
	- floral_flair 1.1.0
	- forgeconfigapiport 3.1.0
	- forgottenrecipes 1.18.1-1.0.0
	- friendsandfoes 1.0.2
	- geckolib3 3.0.23
	- geodes 1.2.0
	- go-fish 1.4.1-1.18.1
	- goblintraders 1.4.1
	- graveyard 1.1
	- guild 0.3.6
	- harvest_scythes 2.4.0
	- heartbond 1.2.0
	- horseinfo 0.4.1-1.18
	- horsestatsvanilla 4.1.10
	- iceberg 1.0.38
	- imm_ptl_core 1.1.8 via immersive_portals
	- immersive_portals 1.1.8
	- infusion_table 1.0.5
	- inmis 2.4.0-1.18
	- io_leangen_geantyref_geantyref 1.3.11 via confabricate
	- ironchests 1.5.3
	- jankson 4.0.0+j1.2.0 via adorn
	- java 17
	- kambrik 3.0.0
	- kiwi 5.2.2
	- kleeslabs 11.0.0
	- krypton 0.1.6
	- kyrptconfig 1.2.3-1.18 via quickshulker
	- lazydfu 0.1.2
	- levelz 1.1.4
	- libcd 3.0.3+1.16.3 via adorn
	- libgui 5.2.0+1.18 via dark-enchanting
	- libninepatch 1.1.0 via libgui
	- lithium 0.7.6
	- lovely_snails 1.0.3+1.18
	- maelstrom_library 1.2.3-1.18-rc3 via bosses_of_mass_destruction
	- mavm 1.0.7a
	- maybe-more-data 1.0.0-1.18 via deepslatecutting
	- megane 6.2.0
	- megane-applied-energistics-2 6.2.0+10.0.0-alpha.1 via megane
	- megane-base 6.2.0 via megane
	- megane-fabric-transfer 6.2.0+1.5.4-b4f4f6cda9 via megane
	- megane-reborn-core 6.2.0+5.1.0-beta.2 via megane
	- megane-runtime 6.2.0 via megane
	- megane-team-reborn-energy 6.2.0+2.0.0-beta1 via megane
	- megane-tech-reborn 6.2.0+5.1.0-beta.2 via megane
	- megane-vanilla 6.2.0+1.18.1 via megane
	- midnightlib 0.3.1 via rocks
	- milk 0.1.3 via milk_plus
	- milk_plus 2.0.0
	- minecraft 1.18.1
	- mm 2.3 via crawl
	- more-axolotls 1.0.2
	- morebannerfeatures 1.1.3
	- morerespawnanchors 1.0.3
	- morevillagers-fabric 3.1.0-SNAPSHOT
	- multipart_entities 1.1.4-1.18-rc3 via bosses_of_mass_destruction
	- naturescompass 1.18.1-2.0.2-fabric
	- nears 1.1.2
	- no_null_processors 2.0.0+1.18
	- omega-config 1.1.0 via dark-enchanting
	- onsoulfire 1.18-1
	- openloader 11.0.3
	- org_jetbrains_kotlin_kotlin-reflect 1.6.10 via fabric-language-kotlin
	- org_jetbrains_kotlin_kotlin-stdlib 1.6.10 via fabric-language-kotlin
	- org_jetbrains_kotlin_kotlin-stdlib-jdk7 1.6.10 via fabric-language-kotlin
	- org_jetbrains_kotlin_kotlin-stdlib-jdk8 1.6.10 via fabric-language-kotlin
	- org_jetbrains_kotlinx_kotlinx-coroutines-core-jvm 1.5.2 via fabric-language-kotlin
	- org_jetbrains_kotlinx_kotlinx-coroutines-jdk8 1.5.2 via fabric-language-kotlin
	- org_jetbrains_kotlinx_kotlinx-serialization-cbor-jvm 1.3.1 via fabric-language-kotlin
	- org_jetbrains_kotlinx_kotlinx-serialization-core-jvm 1.3.1 via fabric-language-kotlin
	- org_jetbrains_kotlinx_kotlinx-serialization-json-jvm 1.3.1 via fabric-language-kotlin
	- org_spongepowered_configurate-core 4.1.1 via confabricate
	- org_spongepowered_configurate-extra-dfu4 4.1.1 via confabricate
	- org_spongepowered_configurate-gson 4.1.1 via confabricate
	- org_spongepowered_configurate-hocon 4.1.1 via confabricate
	- owo 0.3.13+1.18
	- oxidized 1.5.2
	- paintings 1.0.0.6
	- patchouli 1.18.1-63-FABRIC
	- phosphor 0.8.1
	- plushies 1.1
	- polymorph 0.0.16-1.18.1
	- puzzleslib 3.1.3
	- q_misc_util 1.1.8 via immersive_portals
	- quartzelv 2.0.1+1.18
	- quickshulker 1.3.1-1.18
	- reborncore 5.1.0-beta.4 via techreborn
	- repurposed_structures 3.1.13+1.18.1
	- rocks 1.5.2
	- runelic 10.0.1
	- sculk_worm 0.1.3
	- seasons 1.3-BETA+1.18
	- seedfix 1.0.0 via amplified_nether
	- sentimentality3 1.3.6
	- sewing-machine 1.5.0
	- shulkerboxtooltip 3.0.5+1.18
	- shulkerutils 1.0.4-1.18 via quickshulker
	- skinnedlanterns 1.2.0+build.12
	- skylorlib 1.0.6
	- snowpig 1.0.0+build.33
	- snowrealmagic 3.1.0
	- someforgepatchesported 1.0.2
	- spark 1.7.1
	- stonecutter_recipe_tags 2.0.0 via consistency_plus
	- stoneholm 1.4.1
	- team_reborn_energy 2.0.0-beta1 via ae2
	- techreborn 5.1.0-beta.4
	- terraform-shapes-api-v1 2.1.0 via dawn
	- terraform-wood-api-v1 2.0.2 via blockus
	- terralith 2.0.8
	- terrarianslimes 1.1-BETA+1.18
	- the_bumblezone 4.1.1+1.18.1
	- thonkutil 2.6.0+1.18
	- thonkutil-base 1.4.0+6a7a08aec8 via thonkutil
	- thonkutil-capes-v1 1.2.0+a46c8f89c8 via thonkutil
	- thonkutil-customization 1.0.1+6a7a08aec8 via thonkutil
	- thonkutil-legacy 1.0.7+6fa117f8c8 via thonkutil
	- thonkutil-potions-v0 1.2.5+6a7a08aec8 via thonkutil
	- thonkutil-trades-v1 1.1.5+6a7a08aec8 via thonkutil
	- tinyskeletons 3.1.0
	- toms_storage 1.1.19
	- toolstats 8.0.1
	- torchbowmod 1.0
	- totw_additions 1.1.0
	- towers_of_the_wild_reworked 2.1.0
	- tradingpost 3.1.2
	- trinketofundying 2.0.1-1.18
	- trinkets 3.1.0
	- tweed4_annotated 1.2.0 via wandering_collector
	- tweed4_base 1.3.1 via wandering_collector
	- tweed4_data 1.2.0 via wandering_collector
	- tweed4_data_hjson 1.1.0 via wandering_collector
	- twigs 1.1.2
	- twm 0.2
	- universal_ores 1.2.1
	- unvotedandshelved 1.0.4
	- upgradedshulkers 1.1.1-1.18
	- urns 1.0.1
	- vanilla_degus 1.3.0
	- veinmining 0.0.11-1.18
	- villager-hats 1.2.1
	- villagernames 2.0.2
	- visualworkbench 3.1.0
	- voidtotem 1.18.1-1.1.0
	- voidz 1.0.5
	- wandering_collector 1.0.3+mc1.18-rc3
	- waystones 9.0.1
	- wthit 4.4.0
	- xlpackets 2.1-1.17.1
	- xp_storage 1.4.3+1.18
	- xp_storage_trinkets 0.1+1.18
	- yigd 1.2.10
[05:07:54] [main/WARN]: Mod `bcc` (fabric-1.0.4) does not respect SemVer - comparison support is limited.
[05:07:54] [main/WARN]: Mod `dungeons_arise` (2.1.49c-fabric) does not respect SemVer - comparison support is limited.
[05:07:54] [main/WARN]: Mod `feature_nbt_deadlock_be_gone` ($version) does not respect SemVer - comparison support is limited.
[05:07:54] [main/WARN]: Mod `mavm` (1.0.7a) does not respect SemVer - comparison support is limited.
[05:07:54] [main/WARN]: Mod `paintings` (1.0.0.6) uses more dot-separated version components than SemVer allows; support for this is currently not guaranteed.
[05:07:54] [main/INFO]: SpongePowered MIXIN Subsystem Version=0.8.4 Source=file:/C:/Users/Miracle/Desktop/Serveur%20Better%20mods/libraries/net/fabricmc/sponge-mixin/0.10.7+mixin.0.8.4/sponge-mixin-0.10.7+mixin.0.8.4.jar Service=Knot/Fabric Env=SERVER
[05:07:54] [main/INFO]: Compatibility level set to JAVA_16
[05:07:54] [main/INFO]: Compatibility level set to JAVA_17
[05:07:54] [main/WARN]: Reference map 'grizzlybear-refmap.json' for grizzlybear.mixins.json could not be read. If this is a development environment you can ignore this message
[05:07:54] [main/WARN]: Reference map 'fabric-experiencebugfix-1.18-refmap.json' for experiencebugfix.mixins.json could not be read. If this is a development environment you can ignore this message
[05:07:54] [main/WARN]: Reference map 'Floral-Flair-refmap.json' for floral_flair.mixins.json could not be read. If this is a development environment you can ignore this message
[05:07:54] [main/WARN]: Reference map 'more-geodes-refmap.json' for geodes.mixins.json could not be read. If this is a development environment you can ignore this message
[05:07:54] [main/INFO]: Loaded configuration file for Lithium: 87 options available, 1 override(s) found
[05:07:54] [main/WARN]: Reference map 'nears-fabric-1.18-refmap.json' for nears.mixins.json could not be read. If this is a development environment you can ignore this message
[05:07:55] [main/WARN]: Error loading class: net/minecraft/class_929 (java.lang.ClassNotFoundException: net/minecraft/class_929)
[05:07:55] [main/WARN]: @Mixin target net.minecraft.class_929 was not found earthtojavamobs.mixins.json:CatEntityRendererMixin
[05:07:55] [main/WARN]: Error loading class: net/minecraft/class_906 (java.lang.ClassNotFoundException: net/minecraft/class_906)
[05:07:55] [main/WARN]: @Mixin target net.minecraft.class_906 was not found go-fish.mixins.json:FishingBobberEntityRendererMixin
[05:07:55] [main/WARN]: Error loading class: net/minecraft/class_702 (java.lang.ClassNotFoundException: net/minecraft/class_702)
[05:07:55] [main/WARN]: @Mixin target net.minecraft.class_702 was not found go-fish.mixins.json:ParticleManagerMixin
[05:07:55] [main/WARN]: Force-disabling mixin 'world.player_chunk_tick.ThreadedAnvilChunkStorageMixin' as rule 'mixin.world.player_chunk_tick' (added by mods [immersive_portals, krypton]) disables it and children
[05:07:55] [main/WARN]: Error loading class: net/minecraft/class_634 (java.lang.ClassNotFoundException: net/minecraft/class_634)
[05:07:55] [main/WARN]: @Mixin target net.minecraft.class_634 was not found morerespawnanchors.mixins.json:ClientPlayNetworkHandlerMixin
[05:07:55] [main/WARN]: Error loading class: net/minecraft/class_1078 (java.lang.ClassNotFoundException: net/minecraft/class_1078)
[05:07:55] [main/WARN]: @Mixin target net.minecraft.class_1078 was not found owo.mixins.json:TranslationStorageMixin
[05:07:55] [main/WARN]: Error loading class: appeng/menu/me/items/PatternTermMenu (java.lang.ClassNotFoundException: appeng/menu/me/items/PatternTermMenu)
[05:07:55] [main/WARN]: @Mixin target appeng.menu.me.items.PatternTermMenu was not found polymorph_integrations.mixins.json:appliedenergistics2.AccessorPatternTermContainer
[05:07:55] [main/WARN]: Error loading class: appeng/menu/me/items/PatternTermMenu (java.lang.ClassNotFoundException: appeng/menu/me/items/PatternTermMenu)
[05:07:55] [main/WARN]: @Mixin target appeng.menu.me.items.PatternTermMenu was not found polymorph_integrations.mixins.json:appliedenergistics2.MixinPatternTermContainer
[05:07:55] [main/WARN]: Error loading class: net/minecraft/class_310 (java.lang.ClassNotFoundException: net/minecraft/class_310)
[05:07:55] [main/WARN]: @Mixin target net.minecraft.class_310 was not found sentimentality3.mixins.json:GrassSwingFix
[05:07:55] [main/WARN]: Error loading class: net/minecraft/class_916 (java.lang.ClassNotFoundException: net/minecraft/class_916)
[05:07:55] [main/WARN]: @Mixin target net.minecraft.class_916 was not found sentimentality3.mixins.json:ItemEntityRendererMixin
[05:07:55] [main/WARN]: Error loading class: net/minecraft/class_355 (java.lang.ClassNotFoundException: net/minecraft/class_355)
[05:07:55] [main/WARN]: @Mixin target net.minecraft.class_355 was not found sentimentality3.mixins.json:PingIndicator
[05:07:55] [main/WARN]: Error loading class: net/fabricmc/fabric/impl/client/rendering/EntityRendererRegistryImpl (java.lang.ClassNotFoundException: net/fabricmc/fabric/impl/client/rendering/EntityRendererRegistryImpl)
[05:07:55] [main/WARN]: @Mixin target net.fabricmc.fabric.impl.client.rendering.EntityRendererRegistryImpl was not found the_bumblezone.mixins.json:client.EntityRendererRegistryImplAccessor
[05:07:55] [main/WARN]: Error loading class: com/terraformersmc/modmenu/util/mod/fabric/FabricMod$ModMenuData (java.lang.ClassNotFoundException: com/terraformersmc/modmenu/util/mod/fabric/FabricMod$ModMenuData)
[05:07:55] [main/WARN]: Error loading class: com/terraformersmc/modmenu/util/mod/fabric/FabricMod (java.lang.ClassNotFoundException: com/terraformersmc/modmenu/util/mod/fabric/FabricMod)
[05:07:55] [main/WARN]: Error loading class: net/minecraft/class_758 (java.lang.ClassNotFoundException: net/minecraft/class_758)
[05:07:55] [main/WARN]: @Mixin target net.minecraft.class_758 was not found twm.mixins.json:BackgroundRendererMixin
[05:07:55] [main/WARN]: Error loading class: net/minecraft/class_746 (java.lang.ClassNotFoundException: net/minecraft/class_746)
[05:07:55] [main/WARN]: @Mixin target net.minecraft.class_746 was not found twm.mixins.json:ClientPlayerEntityMixin
[05:07:55] [main/WARN]: Error loading class: net/minecraft/class_765 (java.lang.ClassNotFoundException: net/minecraft/class_765)
[05:07:55] [main/WARN]: @Mixin target net.minecraft.class_765 was not found twm.mixins.json:LightmapTextureManagerMixin
[05:07:55] [main/INFO]: I used the json to destroy the json
[05:07:56] [main/INFO]: Kambrik Says Hello!
[05:07:56] [main/WARN]: Can't remove Log4J2 JNDI substitution Lookup: java.lang.RuntimeException: couldn't find JNDI lookup entry
[05:07:56] [main/WARN]: Can't remove Log4J2 JNDI substitution Lookup: java.lang.RuntimeException: couldn't find JNDI lookup entry
[05:07:56] [main/WARN]: Can't remove Log4J2 JNDI substitution Lookup: java.lang.RuntimeException: couldn't find JNDI lookup entry
[05:07:56] [main/WARN]: Can't remove Log4J2 JNDI substitution Lookup: java.lang.RuntimeException: couldn't find JNDI lookup entry
[05:07:56] [main/WARN]: Can't remove Log4J2 JNDI substitution Lookup: java.lang.RuntimeException: couldn't find JNDI lookup entry
[05:07:56] [main/WARN]: Can't remove Log4J2 JNDI substitution Lookup: java.lang.RuntimeException: couldn't find JNDI lookup entry
[05:07:56] [main/WARN]: Can't remove Log4J2 JNDI substitution Lookup: java.lang.RuntimeException: couldn't find JNDI lookup entry
[05:07:56] [main/WARN]: Can't remove Log4J2 JNDI substitution Lookup: java.lang.RuntimeException: couldn't find JNDI lookup entry
[05:07:56] [main/WARN]: Can't remove Log4J2 JNDI substitution Lookup: java.lang.RuntimeException: couldn't find JNDI lookup entry
[05:07:56] [main/WARN]: Can't remove Log4J2 JNDI substitution Lookup: java.lang.RuntimeException: couldn't find JNDI lookup entry
[05:07:56] [main/WARN]: Can't remove Log4J2 JNDI substitution Lookup: java.lang.RuntimeException: couldn't find JNDI lookup entry
[05:07:56] [main/WARN]: Can't remove Log4J2 JNDI substitution Lookup: java.lang.RuntimeException: couldn't find JNDI lookup entry
[05:07:56] [main/WARN]: Can't remove Log4J2 JNDI substitution Lookup: java.lang.RuntimeException: couldn't find JNDI lookup entry
[05:07:56] [main/WARN]: Can't remove Log4J2 JNDI substitution Lookup: java.lang.RuntimeException: couldn't find JNDI lookup entry
[05:07:56] [main/WARN]: Can't remove Log4J2 JNDI substitution Lookup: java.lang.RuntimeException: couldn't find JNDI lookup entry
[05:07:56] [main/WARN]: Can't remove Log4J2 JNDI substitution Lookup: java.lang.RuntimeException: couldn't find JNDI lookup entry
[05:07:56] [main/WARN]: Can't remove Log4J2 JNDI substitution Lookup: java.lang.RuntimeException: couldn't find JNDI lookup entry
[05:07:57] [main/WARN]: Injection warning: LVT in net/minecraft/class_2404::method_10316(Lnet/minecraft/class_1937;Lnet/minecraft/class_2338;Lnet/minecraft/class_2680;)Z has incompatible changes at opcode 120 in callback betternether.mixins.common.json:LiquidBlockMixin->@Inject::bn_shouldSpreadLiquid(Lnet/minecraft/class_1937;Lnet/minecraft/class_2338;Lnet/minecraft/class_2680;Lorg/spongepowered/asm/mixin/injection/callback/CallbackInfoReturnable;ZLcom/google/common/collect/UnmodifiableIterator;Lnet/minecraft/class_2350;Lnet/minecraft/class_2338;Lnet/minecraft/class_2248;)V from mod betternether.
 Expected: [Z, Lcom/google/common/collect/UnmodifiableIterator;, Lnet/minecraft/class_2350;, Lnet/minecraft/class_2338;, Lnet/minecraft/class_2248;]
    Found: [Z, Lcom/google/common/collect/UnmodifiableIterator;, Lnet/minecraft/class_2350;, Lnet/minecraft/class_2338;]
Available: [Z, Lcom/google/common/collect/UnmodifiableIterator;, Lnet/minecraft/class_2350;, Lnet/minecraft/class_2338;]
[05:07:58] [main/WARN]: Method overwrite conflict for trySpawnEntity in oxidized.mixins.json:LightningRodBlockMixin, previously written by com.faboslav.friendsandfoes.mixin.LightningRodBlockMixin. Skipping method.
[05:08:00] [main/WARN]: @Inject(@At("INVOKE")) Shift.BY=3 on fabric-lifecycle-events-v1.mixins.json:server.WorldChunkMixin::handler$bdd000$onLoadBlockEntity exceeds the maximum allowed value: 0. Increase the value of maxShiftBy to suppress this warning.
[05:08:00] [main/ERROR]: Minecraft has crashed!
net.fabricmc.loader.impl.FormattedException: java.lang.ExceptionInInitializerError
	at net.fabricmc.loader.impl.game.minecraft.MinecraftGameProvider.launch(MinecraftGameProvider.java:610) ~[fabric-loader-0.12.12.jar:?]
	at net.fabricmc.loader.impl.launch.knot.Knot.launch(Knot.java:77) [fabric-loader-0.12.12.jar:?]
	at net.fabricmc.loader.impl.launch.knot.KnotServer.main(KnotServer.java:23) [fabric-loader-0.12.12.jar:?]
	at jdk.internal.reflect.NativeMethodAccessorImpl.invoke0(Native Method) ~[?:?]
	at jdk.internal.reflect.NativeMethodAccessorImpl.invoke(NativeMethodAccessorImpl.java:77) ~[?:?]
	at jdk.internal.reflect.DelegatingMethodAccessorImpl.invoke(DelegatingMethodAccessorImpl.java:43) ~[?:?]
	at java.lang.reflect.Method.invoke(Method.java:568) ~[?:?]
	at net.fabricmc.loader.impl.launch.server.FabricServerLauncher.main(FabricServerLauncher.java:66) [fabric-loader-0.12.12.jar:?]
Caused by: java.lang.ExceptionInInitializerError
	at com.telepathicgrunt.the_bumblezone.modinit.BzItems.<clinit>(BzItems.java:55) ~[the_bumblezone_fabric-4.1.1+1.18.1.jar:?]
	at net.minecraft.class_1799.handler$deo000$thebumblezone_isHoneyCrystalShield(class_1799.java:7635) ~[server-intermediary.jar:?]
	at net.minecraft.class_1799.method_7974(class_1799.java) ~[server-intermediary.jar:?]
	at net.minecraft.class_1799.<init>(class_1799.java:155) ~[server-intermediary.jar:?]
	at net.minecraft.class_1799.<init>(class_1799.java:142) ~[server-intermediary.jar:?]
	at java.util.stream.ReferencePipeline$3$1.accept(ReferencePipeline.java:197) ~[?:?]
	at java.util.Spliterators$ArraySpliterator.forEachRemaining(Spliterators.java:992) ~[?:?]
	at java.util.stream.AbstractPipeline.copyInto(AbstractPipeline.java:509) ~[?:?]
	at java.util.stream.AbstractPipeline.wrapAndCopyInto(AbstractPipeline.java:499) ~[?:?]
	at java.util.stream.AbstractPipeline.evaluate(AbstractPipeline.java:575) ~[?:?]
	at java.util.stream.AbstractPipeline.evaluateToArrayNode(AbstractPipeline.java:260) ~[?:?]
	at java.util.stream.ReferencePipeline.toArray(ReferencePipeline.java:616) ~[?:?]
	at net.minecraft.class_1429.<clinit>(class_1429.java:524) ~[server-intermediary.jar:?]
	at net.minecraft.class_5135.<clinit>(class_5135.java:81) ~[server-intermediary.jar:?]
	at net.fabricmc.fabric.mixin.object.builder.DefaultAttributeRegistryAccessor.getRegistry(DefaultAttributeRegistryAccessor.java) ~[fabric-object-builder-api-v1-1.1+3b82842e65-895c4863c0f44b47.jar:?]
	at net.fabricmc.fabric.api.object.builder.v1.entity.FabricDefaultAttributeRegistry.register(FabricDefaultAttributeRegistry.java:67) ~[fabric-object-builder-api-v1-1.1+3b82842e65-895c4863c0f44b47.jar:?]
	at net.fabricmc.fabric.api.object.builder.v1.entity.FabricEntityTypeBuilder$Living.build(FabricEntityTypeBuilder.java:404) ~[fabric-object-builder-api-v1-1.1+3b82842e65-895c4863c0f44b47.jar:?]
	at net.fabricmc.fabric.api.object.builder.v1.entity.FabricEntityTypeBuilder$Mob.build(FabricEntityTypeBuilder.java:539) ~[fabric-object-builder-api-v1-1.1+3b82842e65-895c4863c0f44b47.jar:?]
	at net.teamhollow.direbats.entity.DirebatsEntities.register(DirebatsEntities.java:56) ~[direbats-fabric-2.0.1.jar:?]
	at net.teamhollow.direbats.entity.DirebatsEntities.register(DirebatsEntities.java:66) ~[direbats-fabric-2.0.1.jar:?]
	at net.teamhollow.direbats.entity.DirebatsEntities.<clinit>(DirebatsEntities.java:24) ~[direbats-fabric-2.0.1.jar:?]
	at net.minecraft.class_3864.handler$zpb000$onAddMonsters(class_3864.java:535) ~[server-intermediary.jar:?]
	at net.minecraft.class_3864.method_30578(class_3864.java:454) ~[server-intermediary.jar:?]
	at net.minecraft.class_3864.method_30581(class_3864.java:398) ~[server-intermediary.jar:?]
	at net.minecraft.class_3864.method_30680(class_3864.java:420) ~[server-intermediary.jar:?]
	at net.minecraft.class_5478.method_30701(class_5478.java:219) ~[server-intermediary.jar:?]
	at net.minecraft.class_5504.<clinit>(class_5504.java:22) ~[server-intermediary.jar:?]
	at net.minecraft.class_5458.method_30567(class_5458.java:54) ~[server-intermediary.jar:?]
	at net.minecraft.class_5458.method_30566(class_5458.java:78) ~[server-intermediary.jar:?]
	at java.util.LinkedHashMap.forEach(LinkedHashMap.java:721) ~[?:?]
	at net.minecraft.class_5458.<clinit>(class_5458.java:77) ~[server-intermediary.jar:?]
	at net.minecraft.class_2378.<clinit>(class_2378.java:269) ~[server-intermediary.jar:?]
	at net.minecraft.class_2966.method_12851(class_2966.java:49) ~[server-intermediary.jar:?]
	at net.minecraft.server.Main.main(Main.java:101) ~[server-intermediary.jar:?]
	at jdk.internal.reflect.NativeMethodAccessorImpl.invoke0(Native Method) ~[?:?]
	at jdk.internal.reflect.NativeMethodAccessorImpl.invoke(NativeMethodAccessorImpl.java:77) ~[?:?]
	at jdk.internal.reflect.DelegatingMethodAccessorImpl.invoke(DelegatingMethodAccessorImpl.java:43) ~[?:?]
	at java.lang.reflect.Method.invoke(Method.java:568) ~[?:?]
	at net.fabricmc.loader.impl.game.minecraft.MinecraftGameProvider.launch(MinecraftGameProvider.java:608) ~[fabric-loader-0.12.12.jar:?]
	... 7 more
Caused by: java.lang.NullPointerException: Cannot invoke "java.util.Map.put(Object, Object)" because the return value of "net.fabricmc.fabric.mixin.object.builder.DefaultAttributeRegistryAccessor.getRegistry()" is null
	at net.fabricmc.fabric.api.object.builder.v1.entity.FabricDefaultAttributeRegistry.register(FabricDefaultAttributeRegistry.java:67) ~[fabric-object-builder-api-v1-1.1+3b82842e65-895c4863c0f44b47.jar:?]
	at net.fabricmc.fabric.api.object.builder.v1.entity.FabricEntityTypeBuilder$Living.build(FabricEntityTypeBuilder.java:404) ~[fabric-object-builder-api-v1-1.1+3b82842e65-895c4863c0f44b47.jar:?]
	at net.fabricmc.fabric.api.object.builder.v1.entity.FabricEntityTypeBuilder$Mob.build(FabricEntityTypeBuilder.java:539) ~[fabric-object-builder-api-v1-1.1+3b82842e65-895c4863c0f44b47.jar:?]
	at com.telepathicgrunt.the_bumblezone.modinit.BzEntities.<clinit>(BzEntities.java:27) ~[the_bumblezone_fabric-4.1.1+1.18.1.jar:?]
	at com.telepathicgrunt.the_bumblezone.modinit.BzItems.<clinit>(BzItems.java:55) ~[the_bumblezone_fabric-4.1.1+1.18.1.jar:?]
	at net.minecraft.class_1799.handler$deo000$thebumblezone_isHoneyCrystalShield(class_1799.java:7635) ~[server-intermediary.jar:?]
	at net.minecraft.class_1799.method_7974(class_1799.java) ~[server-intermediary.jar:?]
	at net.minecraft.class_1799.<init>(class_1799.java:155) ~[server-intermediary.jar:?]
	at net.minecraft.class_1799.<init>(class_1799.java:142) ~[server-intermediary.jar:?]
	at java.util.stream.ReferencePipeline$3$1.accept(ReferencePipeline.java:197) ~[?:?]
	at java.util.Spliterators$ArraySpliterator.forEachRemaining(Spliterators.java:992) ~[?:?]
	at java.util.stream.AbstractPipeline.copyInto(AbstractPipeline.java:509) ~[?:?]
	at java.util.stream.AbstractPipeline.wrapAndCopyInto(AbstractPipeline.java:499) ~[?:?]
	at java.util.stream.AbstractPipeline.evaluate(AbstractPipeline.java:575) ~[?:?]
	at java.util.stream.AbstractPipeline.evaluateToArrayNode(AbstractPipeline.java:260) ~[?:?]
	at java.util.stream.ReferencePipeline.toArray(ReferencePipeline.java:616) ~[?:?]
	at net.minecraft.class_1429.<clinit>(class_1429.java:524) ~[server-intermediary.jar:?]
	at net.minecraft.class_5135.<clinit>(class_5135.java:81) ~[server-intermediary.jar:?]
	at net.fabricmc.fabric.mixin.object.builder.DefaultAttributeRegistryAccessor.getRegistry(DefaultAttributeRegistryAccessor.java) ~[fabric-object-builder-api-v1-1.1+3b82842e65-895c4863c0f44b47.jar:?]
	at net.fabricmc.fabric.api.object.builder.v1.entity.FabricDefaultAttributeRegistry.register(FabricDefaultAttributeRegistry.java:67) ~[fabric-object-builder-api-v1-1.1+3b82842e65-895c4863c0f44b47.jar:?]
	at net.fabricmc.fabric.api.object.builder.v1.entity.FabricEntityTypeBuilder$Living.build(FabricEntityTypeBuilder.java:404) ~[fabric-object-builder-api-v1-1.1+3b82842e65-895c4863c0f44b47.jar:?]
	at net.fabricmc.fabric.api.object.builder.v1.entity.FabricEntityTypeBuilder$Mob.build(FabricEntityTypeBuilder.java:539) ~[fabric-object-builder-api-v1-1.1+3b82842e65-895c4863c0f44b47.jar:?]
	at net.teamhollow.direbats.entity.DirebatsEntities.register(DirebatsEntities.java:56) ~[direbats-fabric-2.0.1.jar:?]
	at net.teamhollow.direbats.entity.DirebatsEntities.register(DirebatsEntities.java:66) ~[direbats-fabric-2.0.1.jar:?]
	at net.teamhollow.direbats.entity.DirebatsEntities.<clinit>(DirebatsEntities.java:24) ~[direbats-fabric-2.0.1.jar:?]
	at net.minecraft.class_3864.handler$zpb000$onAddMonsters(class_3864.java:535) ~[server-intermediary.jar:?]
	at net.minecraft.class_3864.method_30578(class_3864.java:454) ~[server-intermediary.jar:?]
	at net.minecraft.class_3864.method_30581(class_3864.java:398) ~[server-intermediary.jar:?]
	at net.minecraft.class_3864.method_30680(class_3864.java:420) ~[server-intermediary.jar:?]
	at net.minecraft.class_5478.method_30701(class_5478.java:219) ~[server-intermediary.jar:?]
	at net.minecraft.class_5504.<clinit>(class_5504.java:22) ~[server-intermediary.jar:?]
	at net.minecraft.class_5458.method_30567(class_5458.java:54) ~[server-intermediary.jar:?]
	at net.minecraft.class_5458.method_30566(class_5458.java:78) ~[server-intermediary.jar:?]
	at java.util.LinkedHashMap.forEach(LinkedHashMap.java:721) ~[?:?]
	at net.minecraft.class_5458.<clinit>(class_5458.java:77) ~[server-intermediary.jar:?]
	at net.minecraft.class_2378.<clinit>(class_2378.java:269) ~[server-intermediary.jar:?]
	at net.minecraft.class_2966.method_12851(class_2966.java:49) ~[server-intermediary.jar:?]
	at net.minecraft.server.Main.main(Main.java:101) ~[server-intermediary.jar:?]
	at jdk.internal.reflect.NativeMethodAccessorImpl.invoke0(Native Method) ~[?:?]
	at jdk.internal.reflect.NativeMethodAccessorImpl.invoke(NativeMethodAccessorImpl.java:77) ~[?:?]
	at jdk.internal.reflect.DelegatingMethodAccessorImpl.invoke(DelegatingMethodAccessorImpl.java:43) ~[?:?]
	at java.lang.reflect.Method.invoke(Method.java:568) ~[?:?]
	at net.fabricmc.loader.impl.game.minecraft.MinecraftGameProvider.launch(MinecraftGameProvider.java:608) ~[fabric-loader-0.12.12.jar:?]
	... 7 more
